<?xml version="1.0" encoding="utf-8"?><testsuites name="pytest tests"><testsuite name="pytest" errors="0" failures="0" skipped="0" tests="20" time="4.915" timestamp="2026-08-12T20:17:51.440575+00:00" hostname="agent-env-783a17a6-e9f8-4c21-b5c8-b4f79cf3e349"><testcase classname="tests.backend_test.TestDashboardSingleSource" name="test_demo_dashboard_values" time="0.680" /><testcase classname="tests.backend_test.TestAuth" name="test_login_demo" time="0.678" /><testcase classname="tests.backend_test.TestAuth" name="test_register_and_relogin" time="0.707" /><testcase classname="tests.backend_test.TestDashboardSingleSource" name="test_dashboard_equals_month_view" time="0.128" /><testcase classname="tests.backend_test.TestDashboardSingleSource" name="test_free_money_matches_dashboard" time="0.302" /><testcase classname="tests.backend_test.TestAntiDoubleCount" name="test_committed_only_counts_invoice_not_children" time="0.351" /><testcase classname="tests.backend_test.TestAuth" name="test_google_session_invalid" time="0.211" /><testcase classname="tests.backend_test.TestInvoiceComposition" name="test_invoice_items_sum_equals_total" time="0.160" /><testcase classname="tests.backend_test.TestInstallments" name="test_installment_creation_no_transaction" time="1.440" /><testcase classname="tests.backend_test.TestIsolation" name="test_new_user_sees_nothing" time="1.028" /><testcase classname="tests.backend_test.TestIsolation" name="test_cannot_access_other_user_commitment" time="0.169" /><testcase classname="tests.backend_test.TestPayOccurrence" name="test_pay_fixed_expense_uses_chosen_account_and_blocks_double" time="0.556" /><testcase classname="tests.backend_test.TestPayInvoice" name="test_pay_invoice_debits_chosen_account" time="0.650" /><testcase classname="tests.backend_test.TestFreeze" name="test_freeze_and_unfreeze" time="0.492" /><testcase classname="tests.backend_test.TestThirdParty" name="test_demo_ana_third_party" time="0.061" /><testcase classname="tests.backend_test.TestProjection" name="test_projection_24_rows" time="0.063" /><testcase classname="tests.backend_test.TestTransactions" name="test_only_real_facts" time="0.065" /><testcase classname="tests.backend_test.TestMonthNav" name="test_last_installment_appears_in_final_month" time="0.141" /><testcase classname="tests.backend_test.TestMaterializeIdempotent" name="test_materialize_twice" time="0.490" /><testcase classname="tests.backend_test.TestSimulation" name="test_simulation_is_readonly" time="0.458" /></testsuite></testsuites>